<?xml version="1.0" encoding="UTF-8"?>
<!-- Generated by org.testng.reporters.JUnitXMLReporter -->
<testsuite ignored="0" hostname="DESKTOP-QOQL0HO" failures="0" tests="6" name="Test" time="71.536" errors="0" timestamp="2024-01-20T02:58:41 GMT-08:00">
  <testcase classname="shopperstack.TC06_SS_Logout" name="logout" time="46.031"/>
  <testcase classname="shopperstack.TC01_SS_Register" name="register" time="47.473"/>
  <testcase classname="shopperstack.TC05_SS_Kids" name="kids" time="47.519"/>
  <testcase classname="shopperstack.TC03_SS_Men" name="men" time="48.863"/>
  <testcase classname="shopperstack.TC04_SS_Women" name="women" time="50.317"/>
  <testcase classname="shopperstack.TC02_SS_Login" name="login" time="25.455"/>
</testsuite> <!-- Test -->
